#
# There is insufficient memory for the Java Runtime Environment to continue.
# Native memory allocation (mmap) failed to map 268435456 bytes for G1 virtual space
# Possible reasons:
#   The system is out of physical RAM or swap space
#   The process is running with CompressedOops enabled, and the Java Heap may be blocking the growth of the native heap
# Possible solutions:
#   Reduce memory load on the system
#   Increase physical memory or swap space
#   Check if swap backing store is full
#   Decrease Java heap size (-Xmx/-Xms)
#   Decrease number of Java threads
#   Decrease Java thread stack sizes (-Xss)
#   Set larger code cache with -XX:ReservedCodeCacheSize=
#   JVM is running with Zero Based Compressed Oops mode in which the Java heap is
#     placed in the first 32GB address space. The Java Heap base address is the
#     maximum limit for the native heap growth. Please use -XX:HeapBaseMinAddress
#     to set the Java Heap base and to place the Java Heap above 32GB virtual address.
# This output file may be truncated or incomplete.
#
#  Out of Memory Error (os_windows.cpp:3548), pid=35008, tid=40548
#
# JRE version:  (17.0.10+11) (build )
# Java VM: Java HotSpot(TM) 64-Bit Server VM (17.0.10+11-LTS-240, mixed mode, sharing, tiered, compressed oops, compressed class ptrs, g1 gc, windows-amd64)
# No core dump will be written. Minidumps are not enabled by default on client versions of Windows
#

---------------  S U M M A R Y ------------

Command Line: -Dnet.bytebuddy.agent.attacher.dump= net.bytebuddy.agent.Attacher com.sun.tools.attach.VirtualMachine 34984 C:\Users\Ladjini\.m2\repository\net\bytebuddy\byte-buddy-agent\1.14.9\byte-buddy-agent-1.14.9.jar false 

Host: Intel(R) Core(TM) i5-6300U CPU @ 2.40GHz, 4 cores, 15G,  Windows 10 , 64 bit Build 19041 (10.0.19041.5072)
Time: Thu Nov 28 14:03:36 2024 Paris, Madrid elapsed time: 0.014211 seconds (0d 0h 0m 0s)

---------------  T H R E A D  ---------------

Current thread (0x0000023c4843a2b0):  JavaThread "Unknown thread" [_thread_in_vm, id=40548, stack(0x0000008389f00000,0x000000838a000000)]

Stack: [0x0000008389f00000,0x000000838a000000]
Native frames: (J=compiled Java code, j=interpreted, Vv=VM code, C=native code)
V  [jvm.dll+0x677a5a]
V  [jvm.dll+0x7d8b2d]
V  [jvm.dll+0x7da48e]
V  [jvm.dll+0x7daaf3]
V  [jvm.dll+0x2455ff]
V  [jvm.dll+0x6749b9]
V  [jvm.dll+0x669382]
V  [jvm.dll+0x302e96]
V  [jvm.dll+0x30a416]
V  [jvm.dll+0x359cbe]
V  [jvm.dll+0x359eef]
V  [jvm.dll+0x2d9e88]
V  [jvm.dll+0x2dadf4]
V  [jvm.dll+0x7aa551]
V  [jvm.dll+0x367911]
V  [jvm.dll+0x789639]
V  [jvm.dll+0x3eb30f]
V  [jvm.dll+0x3ecd91]
C  [jli.dll+0x5297]
C  [ucrtbase.dll+0x21bb2]
C  [KERNEL32.DLL+0x17374]
C  [ntdll.dll+0x4cc91]


---------------  P R O C E S S  ---------------

Threads class SMR info:
_java_thread_list=0x00007ff986586a18, length=0, elements={
}

Java Threads: ( => current thread )

Other Threads:
  0x0000023c484a3550 GCTaskThread "GC Thread#0" [stack: 0x000000838a000000,0x000000838a100000] [id=37584]
  0x0000023c484b41b0 ConcurrentGCThread "G1 Main Marker" [stack: 0x000000838a100000,0x000000838a200000] [id=35232]
  0x0000023c484b5260 ConcurrentGCThread "G1 Conc#0" [stack: 0x000000838a200000,0x000000838a300000] [id=37380]

[error occurred during error reporting (printing all threads), id 0xc0000005, EXCEPTION_ACCESS_VIOLATION (0xc0000005) at pc=0x00007ff985dbaae7]

VM state: not at safepoint (not fully initialized)

VM Mutex/Monitor currently owned by a thread:  ([mutex/lock_event])
[0x0000023c48436850] Heap_lock - owner thread: 0x0000023c4843a2b0

Heap address: 0x0000000701e00000, size: 4066 MB, Compressed Oops mode: Zero based, Oop shift amount: 3

CDS archive(s) mapped at: [0x0000000000000000-0x0000000000000000-0x0000000000000000), size 0, SharedBaseAddress: 0x0000000800000000, ArchiveRelocationMode: 1.
Narrow klass base: 0x0000000000000000, Narrow klass shift: 0, Narrow klass range: 0x0

GC Precious Log:
<Empty>

Heap:
 garbage-first heap   total 0K, used 0K [0x0000000701e00000, 0x0000000800000000)
  region size 2048K, 0 young (0K), 0 survivors (0K)

[error occurred during error reporting (printing heap information), id 0xc0000005, EXCEPTION_ACCESS_VIOLATION (0xc0000005) at pc=0x00007ff9861a1249]

GC Heap History (0 events):
No events

Deoptimization events (0 events):
No events

Classes unloaded (0 events):
No events

Classes redefined (0 events):
No events

Internal exceptions (0 events):
No events

VM Operations (0 events):
No events

Events (1 events):
Event: 0.009 Loaded shared library C:\Program Files\Java\jdk-17\bin\java.dll


Dynamic libraries:
0x00007ff6cb760000 - 0x00007ff6cb770000 	C:\Program Files\Java\jdk-17\bin\java.exe
0x00007ff9a7c70000 - 0x00007ff9a7e68000 	C:\Windows\SYSTEM32\ntdll.dll
0x00007ff9a6140000 - 0x00007ff9a6202000 	C:\Windows\System32\KERNEL32.DLL
0x00007ff9a5360000 - 0x00007ff9a565e000 	C:\Windows\System32\KERNELBASE.dll
0x00007ff9a56d0000 - 0x00007ff9a57d0000 	C:\Windows\System32\ucrtbase.dll
0x00007ff986a10000 - 0x00007ff986a2b000 	C:\Program Files\Java\jdk-17\bin\VCRUNTIME140.dll
0x00007ff986a30000 - 0x00007ff986a49000 	C:\Program Files\Java\jdk-17\bin\jli.dll
0x00007ff9a5fc0000 - 0x00007ff9a6071000 	C:\Windows\System32\ADVAPI32.dll
0x00007ff9a7730000 - 0x00007ff9a77ce000 	C:\Windows\System32\msvcrt.dll
0x00007ff9a7690000 - 0x00007ff9a772f000 	C:\Windows\System32\sechost.dll
0x00007ff9a6210000 - 0x00007ff9a6333000 	C:\Windows\System32\RPCRT4.dll
0x00007ff9a59d0000 - 0x00007ff9a59f7000 	C:\Windows\System32\bcrypt.dll
0x00007ff9a7a90000 - 0x00007ff9a7c2d000 	C:\Windows\System32\USER32.dll
0x00007ff986770000 - 0x00007ff986a0a000 	C:\Windows\WinSxS\amd64_microsoft.windows.common-controls_6595b64144ccf1df_6.0.19041.4355_none_60b8b9eb71f62e16\COMCTL32.dll
0x00007ff9a58f0000 - 0x00007ff9a5912000 	C:\Windows\System32\win32u.dll
0x00007ff9a6110000 - 0x00007ff9a613b000 	C:\Windows\System32\GDI32.dll
0x00007ff9a57d0000 - 0x00007ff9a58e7000 	C:\Windows\System32\gdi32full.dll
0x00007ff9a5a00000 - 0x00007ff9a5a9d000 	C:\Windows\System32\msvcp_win.dll
0x00007ff99aa40000 - 0x00007ff99aa4a000 	C:\Windows\SYSTEM32\VERSION.dll
0x00007ff9a6a70000 - 0x00007ff9a6a9f000 	C:\Windows\System32\IMM32.DLL
0x00007ff986740000 - 0x00007ff98674c000 	C:\Program Files\Java\jdk-17\bin\vcruntime140_1.dll
0x00007ff9866b0000 - 0x00007ff98673e000 	C:\Program Files\Java\jdk-17\bin\msvcp140.dll
0x00007ff985ad0000 - 0x00007ff9866af000 	C:\Program Files\Java\jdk-17\bin\server\jvm.dll
0x00007ff9a6aa0000 - 0x00007ff9a6aa8000 	C:\Windows\System32\PSAPI.DLL
0x00007ff98cfa0000 - 0x00007ff98cfc7000 	C:\Windows\SYSTEM32\WINMM.dll
0x00007ff985ac0000 - 0x00007ff985ac9000 	C:\Windows\SYSTEM32\WSOCK32.dll
0x00007ff9a79c0000 - 0x00007ff9a7a2b000 	C:\Windows\System32\WS2_32.dll
0x00007ff9a3af0000 - 0x00007ff9a3b02000 	C:\Windows\SYSTEM32\kernel.appcore.dll
0x00007ff985ab0000 - 0x00007ff985aba000 	C:\Program Files\Java\jdk-17\bin\jimage.dll
0x00007ff9a3120000 - 0x00007ff9a3304000 	C:\Windows\SYSTEM32\DBGHELP.DLL
0x00007ff99acc0000 - 0x00007ff99acf4000 	C:\Windows\SYSTEM32\dbgcore.DLL
0x00007ff9a5c00000 - 0x00007ff9a5c82000 	C:\Windows\System32\bcryptPrimitives.dll
0x00007ff985a80000 - 0x00007ff985aa5000 	C:\Program Files\Java\jdk-17\bin\java.dll

dbghelp: loaded successfully - version: 4.0.5 - missing functions: none
symbol engine: initialized successfully - sym options: 0x614 - pdb path: .;C:\Program Files\Java\jdk-17\bin;C:\Windows\SYSTEM32;C:\Windows\WinSxS\amd64_microsoft.windows.common-controls_6595b64144ccf1df_6.0.19041.4355_none_60b8b9eb71f62e16;C:\Program Files\Java\jdk-17\bin\server

VM Arguments:
jvm_args: -Dnet.bytebuddy.agent.attacher.dump= 
java_command: net.bytebuddy.agent.Attacher com.sun.tools.attach.VirtualMachine 34984 C:\Users\Ladjini\.m2\repository\net\bytebuddy\byte-buddy-agent\1.14.9\byte-buddy-agent-1.14.9.jar false 
java_class_path (initial): C:\Users\Ladjini\.m2\repository\net\bytebuddy\byte-buddy-agent\1.14.9\byte-buddy-agent-1.14.9.jar
Launcher Type: SUN_STANDARD

[Global flags]
     intx CICompilerCount                          = 3                                         {product} {ergonomic}
     uint ConcGCThreads                            = 1                                         {product} {ergonomic}
     uint G1ConcRefinementThreads                  = 4                                         {product} {ergonomic}
   size_t G1HeapRegionSize                         = 2097152                                   {product} {ergonomic}
    uintx GCDrainStackTargetSize                   = 64                                        {product} {ergonomic}
   size_t InitialHeapSize                          = 268435456                                 {product} {ergonomic}
   size_t MarkStackSize                            = 4194304                                   {product} {ergonomic}
   size_t MaxHeapSize                              = 4263510016                                {product} {ergonomic}
   size_t MinHeapDeltaBytes                        = 2097152                                   {product} {ergonomic}
   size_t MinHeapSize                              = 8388608                                   {product} {ergonomic}
    uintx NonNMethodCodeHeapSize                   = 5832780                                {pd product} {ergonomic}
    uintx NonProfiledCodeHeapSize                  = 122912730                              {pd product} {ergonomic}
    uintx ProfiledCodeHeapSize                     = 122912730                              {pd product} {ergonomic}
    uintx ReservedCodeCacheSize                    = 251658240                              {pd product} {ergonomic}
     bool SegmentedCodeCache                       = true                                      {product} {ergonomic}
   size_t SoftMaxHeapSize                          = 4263510016                             {manageable} {ergonomic}
     bool UseCompressedClassPointers               = true                           {product lp64_product} {ergonomic}
     bool UseCompressedOops                        = true                           {product lp64_product} {ergonomic}
     bool UseG1GC                                  = true                                      {product} {ergonomic}
     bool UseLargePagesIndividualAllocation        = false                                  {pd product} {ergonomic}

Logging:
Log output configuration:
 #0: stdout all=warning uptime,level,tags
 #1: stderr all=off uptime,level,tags

Environment Variables:
JAVA_HOME=C:\Program Files\Java\jdk-17
PATH=C:/eclipse//plugins/org.eclipse.justj.openjdk.hotspot.jre.full.win32.x86_64_17.0.10.v20240120-1143/jre/bin/server;C:/eclipse//plugins/org.eclipse.justj.openjdk.hotspot.jre.full.win32.x86_64_17.0.10.v20240120-1143/jre/bin;C:\Program Files\Java\jdk-17\bin;C:\Program Files (x86)\Common Files\Oracle\Java\javapath;C:\Program Files\Common Files\Oracle\Java\javapath;C:\Windows\System32;C:\Windows;C:\Windows\System32\Wbem;C:\Windows\System32\WindowsPowerShell\v1.0\;C:\Windows\System32\OpenSSH\;C:\Program Files\nodejs\;C:\Program Files\Git\cmd;C:\Program Files\Docker\Docker\resources\bin;C:\sonar-scanner-6.1.0.4477-windows-x64\bin;C:\apache-maven-3.9.8\bin;C:\Program Files\Java\jdk-17\bin;C:\Users\Ladjini\AppData\Local\Microsoft\WindowsApps;C:\Users\Ladjini\AppData\Roaming\npm;C:\Users\Ladjini\AppData\Local\Programs\Microsoft VS Code\bin;C:\dev-programs\mongodb-tools\mongodb-database-tools-windows-x86_64-100.9.4\bin;C:\Program Files\MongoDB\Server\7.0\bin;C:\Program Files\mongosh-2.2.6-win32-x64\bin;C:\Program Files\JetBrains\IntelliJ IDEA Community Edition 2024.1.2\bin;;C:\Program Files\Git\bin;C:\Program Files\JetBrains\IntelliJ IDEA 2024.1.4\bin;;C:\sonar-scanner-6.1.0.4477-windows-x64\bin;C:\apache-maven-3.9.8\bin;;C:\eclipse;
USERNAME=Ladjini
OS=Windows_NT
PROCESSOR_IDENTIFIER=Intel64 Family 6 Model 78 Stepping 3, GenuineIntel



---------------  S Y S T E M  ---------------

OS:
 Windows 10 , 64 bit Build 19041 (10.0.19041.5072)
OS uptime: 14 days 11:59 hours
Hyper-V role detected

CPU: total 4 (initial active 4) (2 cores per cpu, 2 threads per core) family 6 model 78 stepping 3 microcode 0xf0, cx8, cmov, fxsr, ht, mmx, 3dnowpref, sse, sse2, sse3, ssse3, sse4.1, sse4.2, popcnt, lzcnt, tsc, tscinvbit, avx, avx2, aes, erms, clmul, bmi1, bmi2, rtm, adx, fma, vzeroupper, clflush, clflushopt, hv

Memory: 4k page, system-wide physical 16263M (936M free)
TotalPageFile size 31443M (AvailPageFile size 61M)
current process WorkingSet (physical memory assigned to process): 10M, peak: 10M
current process commit charge ("private bytes"): 52M, peak: 307M

vm_info: Java HotSpot(TM) 64-Bit Server VM (17.0.10+11-LTS-240) for windows-amd64 JRE (17.0.10+11-LTS-240), built on Dec 19 2023 21:47:25 by "mach5one" with MS VC++ 17.1 (VS2022)

END.
